<?xml version="1.0" encoding="UTF-8"?>
<!-- Generated by org.testng.reporters.JUnitReportReporter -->
<testsuite hostname="Yunus" failures="0" tests="1" name="script.LoginTest" time="75.703" errors="0" timestamp="2023-11-18T19:34:07 IST" skipped="0">
  <testcase classname="script.LoginTest" name="testLogin" time="75.703"/>
  <system-out/>
</testsuite> <!-- script.LoginTest -->
