<?xml version="1.0" encoding="UTF-8"?>
<!-- Generated by org.testng.reporters.JUnitReportReporter -->
<testsuite hostname="Yunus" failures="0" tests="1" name="script.MissingInteger" time="38108.465" errors="0" timestamp="2023-10-28T12:16:36 IST" skipped="0">
  <testcase classname="script.MissingInteger" name="solution" time="38108.465"/>
  <system-out/>
</testsuite> <!-- script.MissingInteger -->
