<?xml version="1.0" encoding="UTF-8"?>
<!-- Generated by org.testng.reporters.JUnitReportReporter -->
<testsuite hostname="Yunus" failures="0" tests="1" name="script.LoginTest" time="80.366" errors="0" timestamp="2023-11-18T19:17:28 IST" skipped="0">
  <testcase classname="script.LoginTest" name="testLogin" time="80.366"/>
  <system-out/>
</testsuite> <!-- script.LoginTest -->
