<?xml version="1.0" encoding="UTF-8"?>
<!-- Generated by org.testng.reporters.JUnitReportReporter -->
<testsuite hostname="Yunus" failures="0" tests="1" name="script.Test1" time="2.613" errors="0" timestamp="2023-10-18T20:50:58 IST" skipped="0">
  <testcase classname="script.Test1" name="func1" time="2.613"/>
  <system-out/>
</testsuite> <!-- script.Test1 -->
